make --dry-run --always-make --keep-going --print-directory
make: Entering directory '/mnt/nfs/homes/omoudni/minishell'
mkdir -p bin/
cc -Iinclude/ -Ilibft/  -o bin/main.o -c srcs/main.c
cc -Iinclude/ -Ilibft/  -o bin/ft_cd.o -c srcs/ft_cd.c
cc -Iinclude/ -Ilibft/  -o bin/ft_export.o -c srcs/ft_export.c
cc -Iinclude/ -Ilibft/  -o bin/ft_tools.o -c srcs/ft_tools.c
cc -Iinclude/ -Ilibft/  -o bin/ft_builtins.o -c srcs/ft_builtins.c
cc -Iinclude/ -Ilibft/  -o bin/ft_pipex_tools.o -c srcs/ft_pipex_tools.c
cc -Iinclude/ -Ilibft/  -o bin/ft_pipex.o -c srcs/ft_pipex.c
cc -Iinclude/ -Ilibft/  -o bin/ft_global.o -c srcs/ft_global.c
cc -Iinclude/ -Ilibft/  -o bin/ft_tools2.o -c srcs/ft_tools2.c
cc -Iinclude/ -Ilibft/  -o bin/big_tokenizer_1.o -c srcs/big_tokenizer_1.c
cc -Iinclude/ -Ilibft/  -o bin/big_tokenizer_2.o -c srcs/big_tokenizer_2.c
cc -Iinclude/ -Ilibft/  -o bin/big_tokenizer_3.o -c srcs/big_tokenizer_3.c
cc -Iinclude/ -Ilibft/  -o bin/big_tokenizer_4.o -c srcs/big_tokenizer_4.c
cc -Iinclude/ -Ilibft/  -o bin/parser.o -c srcs/parser.c
cc -Iinclude/ -Ilibft/  -o bin/tokenizer_1.o -c srcs/tokenizer_1.c
cc -Iinclude/ -Ilibft/  -o bin/tokenizer_2.o -c srcs/tokenizer_2.c
cc -Iinclude/ -Ilibft/  -o bin/syntax_errorinizer_1.o -c srcs/syntax_errorinizer_1.c
cc -Iinclude/ -Ilibft/  -o bin/syntax_errorinizer_2.o -c srcs/syntax_errorinizer_2.c
cc -Iinclude/ -Ilibft/  -o bin/tree_manipulator.o -c srcs/tree_manipulator.c
cc -Iinclude/ -Ilibft/  -o bin/ft_launch_cmd.o -c srcs/ft_launch_cmd.c
cc -Iinclude/ -Ilibft/  -o bin/ft_echo.o -c srcs/ft_echo.c
cc -Iinclude/ -Ilibft/  -o bin/main_O.o -c srcs/main_O.c
cc -Iinclude/ -Ilibft/  -o bin/printer.o -c srcs/printer.c
cc -Iinclude/ -Ilibft/  -o bin/executer.o -c srcs/executer.c
make -C libft/
cc bin/main.o bin/ft_cd.o bin/ft_export.o bin/ft_tools.o bin/ft_builtins.o bin/ft_pipex_tools.o bin/ft_pipex.o bin/ft_global.o bin/ft_tools2.o bin/big_tokenizer_1.o bin/big_tokenizer_2.o bin/big_tokenizer_3.o bin/big_tokenizer_4.o bin/parser.o bin/tokenizer_1.o bin/tokenizer_2.o bin/syntax_errorinizer_1.o bin/syntax_errorinizer_2.o bin/tree_manipulator.o bin/ft_launch_cmd.o bin/ft_echo.o bin/main_O.o bin/printer.o bin/executer.o  -Llibft/ -lft -lreadline -o minishell
make: Leaving directory '/mnt/nfs/homes/omoudni/minishell'
 
