make all --print-data-base --no-builtin-variables --no-builtin-rules --question
# GNU Make 4.2.1
# Built for x86_64-pc-linux-gnu
# Copyright (C) 1988-2016 Free Software Foundation, Inc.
# License GPLv3+: GNU GPL version 3 or later <http://gnu.org/licenses/gpl.html>
# This is free software: you are free to change and redistribute it.
# There is NO WARRANTY, to the extent permitted by law.
 

# Make data base, printed on Mon Jun 27 21:55:26 2022

# Variables

# automatic
<D = $(patsubst %/,%,$(dir $<))
# automatic
?F = $(notdir $?)
# environment
DESKTOP_SESSION = ubuntu
# default
.SHELLFLAGS := -c
# environment
XDG_SESSION_CLASS = user
# environment
XDG_SESSION_TYPE = x11
# environment
VSCODE_LOG_NATIVE = false
# automatic
?D = $(patsubst %/,%,$(dir $?))
# automatic
@D = $(patsubst %/,%,$(dir $@))
# environment
XAUTHORITY = /mnt/nfs/homes/omoudni/.Xauthority
# environment
GDMSESSION = ubuntu
# environment
XMODIFIERS = @im=ibus
# makefile
CURDIR := /mnt/nfs/homes/omoudni/minishell
# makefile
SHELL = /bin/sh
# makefile (from 'libft/Makefile', line 29)
RM = rm -fr
# environment
GDM_LANG = en
# environment
VSCODE_NLS_CONFIG = {"locale":"en-us","availableLanguages":{},"_languagePackSupport":true}
# environment
_ = /usr/share/code/code
# makefile (from 'libft/Makefile', line 31)
CFLAGS = -Wall -Wextra -Werror -g
# environment
JOURNAL_STREAM = 9:53359
# environment
XDG_CONFIG_DIRS = /etc/xdg/xdg-ubuntu:/etc/xdg
# makefile (from 'libft/Makefile', line 1)
MAKEFILE_LIST :=  Makefile libft/Makefile
# makefile (from 'Makefile', line 20)
LIB_DIR = libft/
# automatic
@F = $(notdir $@)
# environment
GIO_LAUNCHED_DESKTOP_FILE = /usr/share/applications/code.desktop
# 'override' directive
GNUMAKEFLAGS := 
# makefile (from 'Makefile', line 18)
OBJ_DIR = bin/
# environment
MANDATORY_PATH = /usr/share/gconf/ubuntu.mandatory.path
# environment
XDG_DATA_DIRS = /usr/share/gnome:/usr/share/ubuntu:/mnt/nfs/homes/omoudni/.local/share/flatpak/exports/share:/var/lib/flatpak/exports/share:/usr/local/share:/usr/share:/var/lib/snapd/desktop
# environment
DBUS_SESSION_BUS_ADDRESS = unix:path=/run/user/101608/bus
# environment
VSCODE_VERBOSE_LOGGING = true
# environment
MANAGERPID = 2588
# environment
VSCODE_IPC_HOOK_EXTHOST = /run/user/101608/vscode-ipc-43d2bc20-6d3f-4b36-8047-6831a2520fd5.sock
# environment
VSCODE_CWD = /mnt/nfs/homes/omoudni
# environment
XDG_SESSION_PATH = /org/freedesktop/DisplayManager/Session0
# environment
KRB5CCNAME = FILE:/tmp/krb5cc_101608_hBJ1CX
# default
MAKE_HOST := x86_64-pc-linux-gnu
# environment
PATH = /mnt/nfs/homes/omoudni/bin:/usr/local/sbin:/usr/local/bin:/usr/sbin:/usr/bin:/sbin:/bin:/usr/games:/usr/local/games:/snap/bin
# environment
GPG_AGENT_INFO = /run/user/101608/gnupg/S.gpg-agent:0:1
# environment
LSCOLORS = Gxfxcxdxbxegedabagacad
# environment
SESSION_MANAGER = local/e3r11p15.42.fr:@/tmp/.ICE-unix/3088,unix/e3r11p15.42.fr:/tmp/.ICE-unix/3088
# environment
XDG_RUNTIME_DIR = /run/user/101608
# environment
XDG_MENU_PREFIX = gnome-
# environment
VSCODE_LOG_STACK = false
# environment
ELECTRON_RUN_AS_NODE = 1
# environment
INVOCATION_ID = d8401e13f0954744b32bac753abd8d7a
# default
.FEATURES := target-specific order-only second-expansion else-if shortest-stem undefine oneshell archives jobserver output-sync check-symlink load
# environment
XDG_GREETER_DATA_DIR = /var/lib/lightdm-data/omoudni
# environment
LS_COLORS = 
# environment
XDG_SESSION_DESKTOP = ubuntu
# environment
SSH_AUTH_SOCK = /run/user/101608/keyring/ssh
# environment
GIO_LAUNCHED_DESKTOP_FILE_PID = 16641
# automatic
%F = $(notdir $%)
# environment
DISPLAY = :0
# environment
VSCODE_PIPE_LOGGING = true
# environment
PWD = /mnt/nfs/homes/omoudni/minishell
# default
.LOADED := 
# environment
SSH_AGENT_PID = 3052
# environment
ORIGINAL_XDG_CURRENT_DESKTOP = ubuntu:GNOME
# makefile (from 'Makefile', line 19)
INC_DIR = include/
# environment
GTK_MODULES = gail:atk-bridge
# environment
VSCODE_AMD_ENTRYPOINT = vs/workbench/api/node/extensionHostProcess
# environment
HOME = /mnt/nfs/homes/omoudni
# environment
VSCODE_CODE_CACHE_PATH = /mnt/nfs/homes/omoudni/.config/Code/CachedData/30d9c6cd9483b2cc586687151bcbcd635f373630
# environment
LOGNAME = omoudni
# environment
APPLICATION_INSIGHTS_NO_DIAGNOSTIC_CHANNEL = 1
# environment
ZSH = /mnt/nfs/homes/omoudni/.oh-my-zsh
# environment
VSCODE_HANDLES_UNCAUGHT_ERRORS = true
# environment
GNOME_DESKTOP_SESSION_ID = this-is-deprecated
# automatic
^D = $(patsubst %/,%,$(dir $^))
# environment
MAKELEVEL := 0
# default
MAKE = $(MAKE_COMMAND)
# default
MAKECMDGOALS := all
# environment
QT_IM_MODULE = ibus
# makefile (from 'libft/Makefile', line 17)
SRCS = ft_atoi.c ft_bzero.c ft_calloc.c ft_isalnum.c ft_isalpha.c ft_isascii.c ft_isdigit.c ft_isprint.c ft_memchr.c ft_memcmp.c ft_memcpy.c ft_memmove.c ft_memset.c ft_strchr.c ft_strdup.c ft_strlcat.c ft_strlcpy.c ft_strlen.c ft_strncmp.c ft_strnstr.c ft_strrchr.c ft_tolower.c ft_toupper.c ft_substr.c ft_strjoin.c ft_strtrim.c ft_split.c ft_itoa.c ft_strmapi.c ft_striteri.c ft_putchar_fd.c ft_putstr_fd.c ft_putendl_fd.c ft_putnbr_fd.c ft_lstnew.c ft_lstadd_front.c ft_lstsize.c ft_lstlast.c ft_lstadd_back.c ft_lstdelone.c ft_lstclear.c ft_lstiter.c ft_printf.c ft_printf_tools.c
# environment
SHLVL = 0
# makefile (from 'Makefile', line 36)
LIBFT = libft/libft.a
# makefile (from 'libft/Makefile', line 27)
CC = cc
# makefile (from 'Makefile', line 40)
LIBPATH = -L $(LIB_DIR)
# environment
IM_CONFIG_PHASE = 1
# default
MAKE_VERSION := 4.2.1
# environment
USER = omoudni
# makefile
.DEFAULT_GOAL := all
# environment
XDG_CURRENT_DESKTOP = Unity
# environment
LIBVIRT_DEFAULT_URI = qemu:///system
# environment
LESS = -R
# automatic
%D = $(patsubst %/,%,$(dir $%))
# default
MAKE_COMMAND := make
# makefile (from 'Makefile', line 32)
INC = include/minishell.h
# environment
OLDPWD = /mnt/nfs/homes/omoudni
# default
.VARIABLES := 
# automatic
*F = $(notdir $*)
# environment
LANGUAGE = en
# environment
XDG_SEAT_PATH = /org/freedesktop/DisplayManager/Seat0
# environment
VSCODE_IPC_HOOK = /run/user/101608/vscode-6e3f0dc7-1.68.1-main.sock
# makefile
MAKEFLAGS = pqrR
# environment
MFLAGS = -pqrR
# automatic
*D = $(patsubst %/,%,$(dir $*))
# automatic
+D = $(patsubst %/,%,$(dir $+))
# environment
GDK_BACKEND = x11
# automatic
+F = $(notdir $+)
# environment
QT_ACCESSIBILITY = 1
# environment
DEFAULTS_PATH = /usr/share/gconf/ubuntu.default.path
# makefile (from 'Makefile', line 34)
objets = $(addprefix $(OBJ_DIR), $(sources:%.c=%.o))
# 'override' directive
.SHELLSTATUS := 0
# default
MAKEFILES := 
# makefile (from 'Makefile', line 22)
sources = main.c ft_cd.c ft_export.c ft_tools.c ft_builtins.c ft_here_doc.c ft_pipex.c ft_global.c ft_tools2.c big_tokenizer_1.c big_tokenizer_2.c big_tokenizer_3.c big_tokenizer_4.c parser.c tokenizer_1.c tokenizer_2.c syntax_errorinizer_1.c syntax_errorinizer_2.c tree_manipulator.c ft_launch_cmd.c ft_echo.c main_O.c printer.c executer.c ft_free.c ft_free2.c dollar_expander.c ft_wildcards_check.c ft_wildcards_tools.c ft_wildcards_do.c ft_signal.c init_tok_type_tab.c 
# makefile (from 'Makefile', line 17)
SRC_DIR = srcs/
# automatic
<F = $(notdir $<)
# environment
PAGER = less
# environment
LC_ALL = C
# makefile (from 'libft/Makefile', line 15)
DIR = $(shell pwd | xargs basename)
# makefile (from 'libft/Makefile', line 13)
HEADER = libft.h
# environment
GJS_DEBUG_TOPICS = JS ERROR;JS LOG
# automatic
^F = $(notdir $^)
# default
SUFFIXES := 
# environment
CHROME_DESKTOP = code-url-handler.desktop
# makefile (from 'Makefile', line 41)
INCPATH = -I $(INC_DIR) -I $(LIB_DIR)
# default
.INCLUDE_DIRS = /usr/include /usr/local/include /usr/include
# environment
GJS_DEBUG_OUTPUT = stderr
# makefile (from 'Makefile', line 38)
NAME = minishell
# default
.RECIPEPREFIX := 
# environment
LANG = C
# environment
DOCKER_HOST = unix:///run/user/101608/docker.sock
# environment
VSCODE_PID = 16641
# variable set hash-table stats:
# Load=125/1024=12%, Rehash=0, Collisions=23/176=13%

# Pattern-specific Variable Values

# No pattern-specific variable values.

# Directories

# . (device 59, inode 194015554): 12 files, no impossibilities.
# bin (device 59, inode 215197465): No files, no impossibilities so far.
# srcs (device 59, inode 217188507): 38 files, no impossibilities so far.
# libft (device 59, inode 171187366): 94 files, no impossibilities so far.

# 144 files, no impossibilities in 4 directories.

# Implicit Rules

bin/%.o: srcs/%.c | bin/
#  recipe to execute (from 'Makefile', line 54):
	$(CC) $(CFLAGS) -o $@ -c $<

# 1 implicit rules, 0 (0.0%) terminal.

# Files

# Not a target:
srcs/tokenizer_1.c:
#  Implicit rule search has been done.
 
#  Last modified 2022-06-27 21:52:05.269456653
#  File has been updated.
#  Successfully updated.

bin/:
#  Implicit rule search has not been done.
#  Last modified 2022-06-27 21:54:56.837815332
#  File has been updated.
#  Successfully updated.
#  recipe to execute (from 'Makefile', line 57):
	@mkdir -p $(OBJ_DIR)

# Not a target:
libft/ft_strlcpy.c:
#  Implicit rule search has been done.
#  Last modified 2022-05-24 14:08:26.8136368
#  File has been updated.
#  Successfully updated.

# Not a target:
libft/ft_strncmp.c:
#  Implicit rule search has been done.
#  Last modified 2022-05-24 14:08:26.837636952
#  File has been updated.
#  Successfully updated.

bin/ft_free2.o: srcs/ft_free2.c include/minishell.h | bin/
#  Implicit rule search has been done.
#  Implicit/static pattern stem: 'ft_free2'
#  Last modified 2022-06-27 21:54:11.621729038
#  File has been updated.
#  Successfully updated.
#  recipe to execute (from 'Makefile', line 54):
	$(CC) $(CFLAGS) -o $@ -c $<

# Not a target:
srcs/parser.c:
#  Implicit rule search has been done.
#  Last modified 2022-06-27 20:06:01.511880039
#  File has been updated.
#  Successfully updated.

# Not a target:
srcs/big_tokenizer_1.c:
#  Implicit rule search has been done.
#  Last modified 2022-06-27 20:06:01.459879905
#  File has been updated.
#  Successfully updated.

bin/ft_wildcards_do.o: srcs/ft_wildcards_do.c include/minishell.h | bin/
#  Implicit rule search has been done.
#  Implicit/static pattern stem: 'ft_wildcards_do'
#  Last modified 2022-06-27 21:54:11.957729699
#  File has been updated.
#  Successfully updated.
#  recipe to execute (from 'Makefile', line 54):
	$(CC) $(CFLAGS) -o $@ -c $<

all: minishell
#  Phony target (prerequisite of .PHONY).
#  Command line target.
#  Implicit rule search has not been done.
#  File does not exist.
#  File has been updated.
#  Successfully updated.

# Not a target:
include/minishell.h:
#  Implicit rule search has been done.
#  Last modified 2022-06-27 21:52:57.26957477
#  File has been updated.
#  Successfully updated.

bin/ft_launch_cmd.o: srcs/ft_launch_cmd.c include/minishell.h | bin/
#  Implicit rule search has been done.
#  Implicit/static pattern stem: 'ft_launch_cmd'
#  Last modified 2022-06-27 21:54:11.1457281
#  File has been updated.
#  Successfully updated.
#  recipe to execute (from 'Makefile', line 54):
	$(CC) $(CFLAGS) -o $@ -c $<

# Not a target:
libft/ft_lstadd_front.c:
#  Implicit rule search has been done.
#  Last modified 2022-05-24 14:08:26.661635842
#  File has been updated.
#  Successfully updated.

bin/ft_builtins.o: srcs/ft_builtins.c include/minishell.h | bin/
#  Implicit rule search has been done.
#  Implicit/static pattern stem: 'ft_builtins'
#  Last modified 2022-06-27 21:53:00.961582822
#  File has been updated.
#  Successfully updated.
#  recipe to execute (from 'Makefile', line 54):
	$(CC) $(CFLAGS) -o $@ -c $<

# Not a target:
libft/ft_strdup.c:
#  Implicit rule search has been done.
#  Last modified 2022-06-26 13:48:51.760910261
#  File has been updated.
#  Successfully updated.

.PHONY: all clean fclean re
#  Implicit rule search has not been done.
#  Modification time never checked.
#  File has not been updated.

bin/ft_global.o: srcs/ft_global.c include/minishell.h | bin/
#  Implicit rule search has been done.
#  Implicit/static pattern stem: 'ft_global'
#  Last modified 2022-06-27 21:53:01.209583361
#  File has been updated.
#  Successfully updated.
#  recipe to execute (from 'Makefile', line 54):
	$(CC) $(CFLAGS) -o $@ -c $<

bin/ft_echo.o: srcs/ft_echo.c include/minishell.h | bin/
#  Implicit rule search has been done.
#  Implicit/static pattern stem: 'ft_echo'
#  Last modified 2022-06-27 21:54:11.22172825
#  File has been updated.
#  Successfully updated.
#  recipe to execute (from 'Makefile', line 54):
	$(CC) $(CFLAGS) -o $@ -c $<

bin/ft_wildcards_check.o: srcs/ft_wildcards_check.c include/minishell.h | bin/
#  Implicit rule search has been done.
#  Implicit/static pattern stem: 'ft_wildcards_check'
#  Last modified 2022-06-27 21:54:11.801729392
#  File has been updated.
#  Successfully updated.
#  recipe to execute (from 'Makefile', line 54):
	$(CC) $(CFLAGS) -o $@ -c $<

# Not a target:
srcs/ft_free.c:
#  Implicit rule search has been done.
#  Last modified 2022-06-26 13:48:51.788910244
#  File has been updated.
#  Successfully updated.

# Not a target:
libft/ft_bzero.c:
#  Implicit rule search has been done.
#  Last modified 2022-05-24 14:08:26.613635539
#  File has been updated.
#  Successfully updated.

bin/main_O.o: srcs/main_O.c include/minishell.h | bin/
#  Implicit rule search has been done.
#  Implicit/static pattern stem: 'main_O'
#  Last modified 2022-06-27 21:54:11.309728424
#  File has been updated.
#  Successfully updated.
#  recipe to execute (from 'Makefile', line 54):
	$(CC) $(CFLAGS) -o $@ -c $<

# Not a target:
libft/ft_toupper.c:
#  Implicit rule search has been done.
#  Last modified 2022-05-24 14:08:26.869637153
#  File has been updated.
#  Successfully updated.

bin/ft_export.o: srcs/ft_export.c include/minishell.h | bin/
#  Implicit rule search has been done.
#  Implicit/static pattern stem: 'ft_export'
#  Last modified 2022-06-27 21:53:00.74958236
#  File has been updated.
#  Successfully updated.
#  recipe to execute (from 'Makefile', line 54):
	$(CC) $(CFLAGS) -o $@ -c $<

bin/big_tokenizer_3.o: srcs/big_tokenizer_3.c include/minishell.h | bin/
#  Implicit rule search has been done.
#  Implicit/static pattern stem: 'big_tokenizer_3'
#  Last modified 2022-06-27 21:53:01.505584004
#  File has been updated.
#  Successfully updated.
#  recipe to execute (from 'Makefile', line 54):
	$(CC) $(CFLAGS) -o $@ -c $<

# Not a target:
libft/ft_strnstr.c:
#  Implicit rule search has been done.
#  Last modified 2022-06-16 17:21:55.440735293
#  File has been updated.
#  Successfully updated.

bin/ft_signal.o: srcs/ft_signal.c include/minishell.h | bin/
#  Implicit rule search has been done.
#  Implicit/static pattern stem: 'ft_signal'
#  Last modified 2022-06-27 21:54:12.029729841
#  File has been updated.
#  Successfully updated.
#  recipe to execute (from 'Makefile', line 54):
	$(CC) $(CFLAGS) -o $@ -c $<

# Not a target:
srcs/main_O.c:
#  Implicit rule search has been done.
#  Last modified 2022-06-27 21:39:54.546139446
#  File has been updated.
#  Successfully updated.

# Not a target:
libft/ft_putstr_fd.c:
#  Implicit rule search has been done.
#  Last modified 2022-05-24 14:08:26.769636523
#  File has been updated.
#  Successfully updated.

bin/dollar_expander.o: srcs/dollar_expander.c include/minishell.h | bin/
#  Implicit rule search has been done.
#  Implicit/static pattern stem: 'dollar_expander'
#  Last modified 2022-06-27 21:54:11.721729235
#  File has been updated.
#  Successfully updated.
#  recipe to execute (from 'Makefile', line 54):
	$(CC) $(CFLAGS) -o $@ -c $<

# Not a target:
srcs/syntax_errorinizer_1.c:
#  Implicit rule search has been done.
#  Last modified 2022-06-27 20:05:53.607859577
#  File has been updated.
#  Successfully updated.

# Not a target:
libft/ft_strjoin.c:
#  Implicit rule search has been done.
#  Last modified 2022-06-23 15:16:50.387542052
#  File has been updated.
#  Successfully updated.

# Not a target:
Makefile:
#  Implicit rule search has been done.
#  Last modified 2022-06-27 21:54:52.813807865
#  File has been updated.
#  Successfully updated.

# Not a target:
srcs/main.c:
#  Implicit rule search has been done.
#  Last modified 2022-06-27 20:27:09.809757336
#  File has been updated.
#  Successfully updated.

# Not a target:
srcs/big_tokenizer_2.c:
#  Implicit rule search has been done.
#  Last modified 2022-06-27 20:06:01.463879915
#  File has been updated.
#  Successfully updated.

# Not a target:
libft/ft_lstdelone.c:
#  Implicit rule search has been done.
#  Last modified 2022-05-24 14:08:26.677635943
#  File has been updated.
#  Successfully updated.

# Not a target:
srcs/ft_here_doc.c:
#  Implicit rule search has been done.
#  Last modified 2022-06-27 20:06:01.495879998
#  File has been updated.
#  Successfully updated.

# Not a target:
libft/ft_putchar_fd.c:
#  Implicit rule search has been done.
#  Last modified 2022-05-24 14:08:26.757636447
#  File has been updated.
 
#  Successfully updated.

bin/executer.o: srcs/executer.c include/minishell.h | bin/
#  Implicit rule search has been done.
#  Implicit/static pattern stem: 'executer'
#  Last modified 2022-06-27 21:54:11.469728738
#  File has been updated.
#  Successfully updated.
#  recipe to execute (from 'Makefile', line 54):
	$(CC) $(CFLAGS) -o $@ -c $<

# Not a target:
libft/ft_atoi.c:
#  Implicit rule search has been done.
#  Last modified 2022-06-16 17:21:55.420735301
#  File has been updated.
#  Successfully updated.

bin/printer.o: srcs/printer.c include/minishell.h | bin/
#  Implicit rule search has been done.
#  Implicit/static pattern stem: 'printer'
#  Last modified 2022-06-27 21:54:11.381728565
#  File has been updated.
#  Successfully updated.
#  recipe to execute (from 'Makefile', line 54):
	$(CC) $(CFLAGS) -o $@ -c $<

# Not a target:
libft/ft_strtrim.c:
#  Implicit rule search has been done.
#  Last modified 2022-06-16 17:21:55.444735291
#  File has been updated.
#  Successfully updated.

# Not a target:
libft/ft_lstiter.c:
#  Implicit rule search has been done.
#  Last modified 2022-05-24 14:08:26.685635993
#  File has been updated.
#  Successfully updated.

# Not a target:
libft/ft_lstadd_back.c:
#  Implicit rule search has been done.
#  Last modified 2022-06-16 17:21:55.4247353
#  File has been updated.
#  Successfully updated.

# Not a target:
srcs/init_tok_type_tab.c:
#  Implicit rule search has been done.
#  Last modified 2022-06-27 21:04:43.392297824
#  File has been updated.
#  Successfully updated.

# Not a target:
srcs/ft_cd.c:
#  Implicit rule search has been done.
#  Last modified 2022-06-26 13:48:51.780910249
#  File has been updated.
#  Successfully updated.

# Not a target:
srcs/big_tokenizer_4.c:
#  Implicit rule search has been done.
#  Last modified 2022-06-27 20:06:01.471879936
#  File has been updated.
#  Successfully updated.

# Not a target:
libft/Makefile:
#  Implicit rule search has been done.
#  Last modified 2022-06-23 15:16:50.339542082
#  File has been updated.
#  Successfully updated.

# Not a target:
libft/ft_putendl_fd.c:
#  Implicit rule search has been done.
#  Last modified 2022-05-24 14:08:26.761636473
#  File has been updated.
#  Successfully updated.

# Not a target:
libft/ft_strmapi.c:
#  Implicit rule search has been done.
#  Last modified 2022-05-24 14:08:26.825636876
#  File has been updated.
#  Successfully updated.

bin/ft_tools2.o: srcs/ft_tools2.c include/minishell.h | bin/
#  Implicit rule search has been done.
#  Implicit/static pattern stem: 'ft_tools2'
#  Last modified 2022-06-27 21:53:01.277583509
#  File has been updated.
#  Successfully updated.
#  recipe to execute (from 'Makefile', line 54):
	$(CC) $(CFLAGS) -o $@ -c $<

minishell: bin/main.o bin/ft_cd.o bin/ft_export.o bin/ft_tools.o bin/ft_builtins.o bin/ft_here_doc.o bin/ft_pipex.o bin/ft_global.o bin/ft_tools2.o bin/big_tokenizer_1.o bin/big_tokenizer_2.o bin/big_tokenizer_3.o bin/big_tokenizer_4.o bin/parser.o bin/tokenizer_1.o bin/tokenizer_2.o bin/syntax_errorinizer_1.o bin/syntax_errorinizer_2.o bin/tree_manipulator.o bin/ft_launch_cmd.o bin/ft_echo.o bin/main_O.o bin/printer.o bin/executer.o bin/ft_free.o bin/ft_free2.o bin/dollar_expander.o bin/ft_wildcards_check.o bin/ft_wildcards_tools.o bin/ft_wildcards_do.o bin/ft_signal.o bin/init_tok_type_tab.o include/minishell.h libft/libft.a
#  Implicit rule search has not been done.
#  Last modified 2022-06-27 21:54:56.921815487
#  File has been updated.
#  Successfully updated.
#  recipe to execute (from 'Makefile', line 49):
	${CC} ${CFLAGS} ${objets} ${LIBFT} -I ${INC} -lreadline -o ${NAME}

# Not a target:
srcs/ft_tools.c:
#  Implicit rule search has been done.
#  Last modified 2022-06-16 17:21:55.528735255
#  File has been updated.
#  Successfully updated.

libft/libft.a: libft/ft_atoi.c libft/ft_bzero.c libft/ft_calloc.c libft/ft_isalnum.c libft/ft_isalpha.c libft/ft_isascii.c libft/ft_isdigit.c libft/ft_isprint.c libft/ft_memchr.c libft/ft_memcmp.c libft/ft_memcpy.c libft/ft_memmove.c libft/ft_memset.c libft/ft_strchr.c libft/ft_strdup.c libft/ft_strlcat.c libft/ft_strlcpy.c libft/ft_strlen.c libft/ft_strncmp.c libft/ft_strnstr.c libft/ft_strrchr.c libft/ft_tolower.c libft/ft_toupper.c libft/ft_substr.c libft/ft_strjoin.c libft/ft_strtrim.c libft/ft_split.c libft/ft_itoa.c libft/ft_strmapi.c libft/ft_striteri.c libft/ft_putchar_fd.c libft/ft_putstr_fd.c libft/ft_putendl_fd.c libft/ft_putnbr_fd.c libft/ft_lstnew.c libft/ft_lstadd_front.c libft/ft_lstsize.c libft/ft_lstlast.c libft/ft_lstadd_back.c libft/ft_lstdelone.c libft/ft_lstclear.c libft/ft_lstiter.c libft/ft_printf.c libft/ft_printf_tools.c libft/libft.h
#  Implicit rule search has not been done.
#  Last modified 2022-06-27 20:08:37.160243606
#  File has been updated.
#  Successfully updated.
#  recipe to execute (from 'Makefile', line 60):
	${MAKE} -C libft/

# Not a target:
srcs/tree_manipulator.c:
#  Implicit rule search has been done.
#  Last modified 2022-06-23 15:16:51.071541635
#  File has been updated.
#  Successfully updated.

# Not a target:
srcs/syntax_errorinizer_2.c:
#  Implicit rule search has been done.
#  Last modified 2022-06-27 20:06:01.563880172
#  File has been updated.
#  Successfully updated.

.c.o:
#  Implicit rule search has not been done.
#  Modification time never checked.
#  File has not been updated.
#  recipe to execute (from 'Makefile', line 44):
	${CC} ${CFLAGS} -c $< -o ${<:.c=.o}

# Not a target:
libft/ft_memcpy.c:
#  Implicit rule search has been done.
#  Last modified 2022-05-24 14:08:26.733636296
#  File has been updated.
#  Successfully updated.

# Not a target:
libft/ft_itoa.c:
#  Implicit rule search has been done.
#  Last modified 2022-05-24 14:08:26.645635742
#  File has been updated.
#  Successfully updated.

fclean:
#  Phony target (prerequisite of .PHONY).
#  Implicit rule search has not been done.
#  File does not exist.
#  File has not been updated.
#  recipe to execute (from 'Makefile', line 69):
	$(MAKE) fclean -C $(LIB_DIR)
	${RM} ${OBJ_DIR}
	${RM} ${NAME}

# Not a target:
libft/ft_memcmp.c:
#  Implicit rule search has been done.
#  Last modified 2022-05-24 14:08:26.72963627
#  File has been updated.
#  Successfully updated.

# Not a target:
libft/ft_strlen.c:
#  Implicit rule search has been done.
#  Last modified 2022-06-23 15:17:28.471518802
#  File has been updated.
#  Successfully updated.

# Not a target:
libft/ft_isascii.c:
#  Implicit rule search has been done.
#  Last modified 2022-05-24 14:08:26.633635666
#  File has been updated.
#  Successfully updated.

# Not a target:
libft/ft_isdigit.c:
#  Implicit rule search has been done.
#  Last modified 2022-05-24 14:08:26.63763569
#  File has been updated.
#  Successfully updated.

# Not a target:
srcs/tokenizer_2.c:
#  Implicit rule search has been done.
#  Last modified 2022-06-27 21:54:07.56972104
#  File has been updated.
#  Successfully updated.

# Not a target:
libft/ft_lstlast.c:
#  Implicit rule search has been done.
#  Last modified 2022-05-24 14:08:26.689636019
#  File has been updated.
#  Successfully updated.

# Not a target:
libft/ft_memchr.c:
#  Implicit rule search has been done.
#  Last modified 2022-05-24 14:08:26.72163622
#  File has been updated.
#  Successfully updated.

# Not a target:
srcs/ft_pipex.c:
#  Implicit rule search has been done.
#  Last modified 2022-06-27 20:06:01.507880029
#  File has been updated.
#  Successfully updated.

# Not a target:
libft/ft_memset.c:
#  Implicit rule search has been done.
#  Last modified 2022-05-24 14:08:26.741636346
#  File has been updated.
#  Successfully updated.

# Not a target:
srcs/ft_free2.c:
#  Implicit rule search has been done.
#  Last modified 2022-06-26 13:48:51.792910243
#  File has been updated.
#  Successfully updated.

# Not a target:
srcs/ft_wildcards_do.c:
#  Implicit rule search has been done.
#  Last modified 2022-06-26 13:48:51.812910231
#  File has been updated.
#  Successfully updated.

# Not a target:
libft/ft_strlcat.c:
#  Implicit rule search has been done.
#  Last modified 2022-05-24 14:08:26.809636775
#  File has been updated.
#  Successfully updated.

bin/tokenizer_1.o: srcs/tokenizer_1.c include/minishell.h | bin/
#  Implicit rule search has been done.
#  Implicit/static pattern stem: 'tokenizer_1'
#  Last modified 2022-06-27 21:53:01.749584534
#  File has been updated.
#  Successfully updated.
#  recipe to execute (from 'Makefile', line 54):
	$(CC) $(CFLAGS) -o $@ -c $<

# Not a target:
srcs/ft_builtins.c:
#  Implicit rule search has been done.
#  Last modified 2022-06-27 20:06:01.483879967
#  File has been updated.
#  Successfully updated.

bin/ft_pipex.o: srcs/ft_pipex.c include/minishell.h | bin/
#  Implicit rule search has been done.
#  Implicit/static pattern stem: 'ft_pipex'
#  Last modified 2022-06-27 21:53:01.141583213
#  File has been updated.
#  Successfully updated.
#  recipe to execute (from 'Makefile', line 54):
	$(CC) $(CFLAGS) -o $@ -c $<

# Not a target:
libft/ft_tolower.c:
#  Implicit rule search has been done.
#  Last modified 2022-05-24 14:08:26.861637103
#  File has been updated.
#  Successfully updated.

# Not a target:
 
.DEFAULT:
#  Implicit rule search has not been done.
#  Modification time never checked.
#  File has not been updated.

# Not a target:
srcs/ft_global.c:
#  Implicit rule search has been done.
#  Last modified 2022-06-27 20:06:01.491879988
#  File has been updated.
#  Successfully updated.

# Not a target:
srcs/ft_echo.c:
#  Implicit rule search has been done.
#  Last modified 2022-06-27 20:06:01.487879977
#  File has been updated.
#  Successfully updated.

# Not a target:
srcs/ft_wildcards_check.c:
#  Implicit rule search has been done.
#  Last modified 2022-06-26 13:48:51.808910232
#  File has been updated.
#  Successfully updated.

# Not a target:
libft/ft_split.c:
#  Implicit rule search has been done.
#  Last modified 2022-06-16 17:21:55.428735298
#  File has been updated.
#  Successfully updated.

# Not a target:
libft/ft_lstclear.c:
#  Implicit rule search has been done.
#  Last modified 2022-05-24 14:08:26.665635867
#  File has been updated.
#  Successfully updated.

# Not a target:
libft/ft_printf.c:
#  Implicit rule search has been done.
#  Last modified 2022-05-24 14:08:26.745636372
#  File has been updated.
#  Successfully updated.

bin/parser.o: srcs/parser.c include/minishell.h | bin/
#  Implicit rule search has been done.
#  Implicit/static pattern stem: 'parser'
#  Last modified 2022-06-27 21:53:01.681584387
#  File has been updated.
#  Successfully updated.
#  recipe to execute (from 'Makefile', line 54):
	$(CC) $(CFLAGS) -o $@ -c $<

bin/big_tokenizer_1.o: srcs/big_tokenizer_1.c include/minishell.h | bin/
#  Implicit rule search has been done.
#  Implicit/static pattern stem: 'big_tokenizer_1'
#  Last modified 2022-06-27 21:53:01.341583648
#  File has been updated.
#  Successfully updated.
#  recipe to execute (from 'Makefile', line 54):
	$(CC) $(CFLAGS) -o $@ -c $<

# Not a target:
srcs/ft_export.c:
#  Implicit rule search has been done.
#  Last modified 2022-06-26 13:48:51.788910244
#  File has been updated.
#  Successfully updated.

# Not a target:
srcs/big_tokenizer_3.c:
#  Implicit rule search has been done.
#  Last modified 2022-06-27 20:06:01.467879926
#  File has been updated.
#  Successfully updated.

re: fclean all
#  Phony target (prerequisite of .PHONY).
#  Implicit rule search has not been done.
#  File does not exist.
#  File has not been updated.

clean:
#  Phony target (prerequisite of .PHONY).
#  Implicit rule search has not been done.
#  File does not exist.
#  File has not been updated.
#  recipe to execute (from 'Makefile', line 65):
	$(MAKE) clean -C $(LIB_DIR)
	${RM} ${OBJ_DIR}

# Not a target:
srcs/ft_signal.c:
#  Implicit rule search has been done.
#  Last modified 2022-06-27 20:06:01.507880029
#  File has been updated.
#  Successfully updated.

# Not a target:
srcs/dollar_expander.c:
#  Implicit rule search has been done.
#  Last modified 2022-06-27 20:06:01.475879946
#  File has been updated.
#  Successfully updated.

bin/ft_free.o: srcs/ft_free.c include/minishell.h | bin/
#  Implicit rule search has been done.
#  Implicit/static pattern stem: 'ft_free'
#  Last modified 2022-06-27 21:54:11.537728872
#  File has been updated.
#  Successfully updated.
#  recipe to execute (from 'Makefile', line 54):
	$(CC) $(CFLAGS) -o $@ -c $<

# Not a target:
libft/ft_isprint.c:
#  Implicit rule search has been done.
#  Last modified 2022-05-24 14:08:26.641635716
#  File has been updated.
#  Successfully updated.

# Not a target:
srcs/ft_wildcards_tools.c:
#  Implicit rule search has been done.
#  Last modified 2022-06-23 15:17:28.559518748
#  File has been updated.
#  Successfully updated.

# Not a target:
libft/ft_striteri.c:
#  Implicit rule search has been done.
#  Last modified 2022-05-24 14:08:26.797636699
#  File has been updated.
#  Successfully updated.

bin/tokenizer_2.o: srcs/tokenizer_2.c include/minishell.h | bin/
#  Implicit rule search has been done.
#  Implicit/static pattern stem: 'tokenizer_2'
#  Last modified 2022-06-27 21:54:10.777727375
#  File has been updated.
#  Successfully updated.
#  recipe to execute (from 'Makefile', line 54):
	$(CC) $(CFLAGS) -o $@ -c $<

# Not a target:
srcs/executer.c:
#  Implicit rule search has been done.
#  Last modified 2022-06-27 20:06:01.479879957
#  File has been updated.
#  Successfully updated.

# Not a target:
srcs/printer.c:
#  Implicit rule search has been done.
#  Last modified 2022-06-27 20:09:32.000356206
#  File has been updated.
#  Successfully updated.

bin/syntax_errorinizer_1.o: srcs/syntax_errorinizer_1.c include/minishell.h | bin/
#  Implicit rule search has been done.
#  Implicit/static pattern stem: 'syntax_errorinizer_1'
#  Last modified 2022-06-27 21:54:10.877727573
#  File has been updated.
#  Successfully updated.
#  recipe to execute (from 'Makefile', line 54):
	$(CC) $(CFLAGS) -o $@ -c $<

# Not a target:
libft/ft_lstnew.c:
#  Implicit rule search has been done.
#  Last modified 2022-05-24 14:08:26.705636119
#  File has been updated.
#  Successfully updated.

bin/main.o: srcs/main.c include/minishell.h | bin/
#  Implicit rule search has been done.
#  Implicit/static pattern stem: 'main'
#  Last modified 2022-06-27 21:53:00.521581864
#  File has been updated.
#  Successfully updated.
#  recipe to execute (from 'Makefile', line 54):
	$(CC) $(CFLAGS) -o $@ -c $<

bin/big_tokenizer_2.o: srcs/big_tokenizer_2.c include/minishell.h | bin/
#  Implicit rule search has been done.
#  Implicit/static pattern stem: 'big_tokenizer_2'
#  Last modified 2022-06-27 21:53:01.421583822
#  File has been updated.
#  Successfully updated.
#  recipe to execute (from 'Makefile', line 54):
	$(CC) $(CFLAGS) -o $@ -c $<

# Not a target:
libft/ft_isalnum.c:
#  Implicit rule search has been done.
#  Last modified 2022-05-24 14:08:26.625635615
#  File has been updated.
#  Successfully updated.

# Not a target:
libft/libft.h:
#  Implicit rule search has been done.
#  Last modified 2022-06-16 17:21:55.452735288
#  File has been updated.
#  Successfully updated.

# Not a target:
srcs/ft_tools2.c:
#  Implicit rule search has been done.
#  Last modified 2022-06-26 13:48:51.808910232
#  File has been updated.
#  Successfully updated.

# Not a target:
libft/ft_putnbr_fd.c:
#  Implicit rule search has been done.
#  Last modified 2022-05-24 14:08:26.765636497
#  File has been updated.
#  Successfully updated.

# Not a target:
libft/ft_strrchr.c:
#  Implicit rule search has been done.
#  Last modified 2022-06-16 17:21:55.440735293
#  File has been updated.
#  Successfully updated.

# Not a target:
srcs/ft_launch_cmd.c:
#  Implicit rule search has been done.
#  Last modified 2022-06-27 20:06:01.503880018
#  File has been updated.
#  Successfully updated.

# Not a target:
libft/ft_substr.c:
#  Implicit rule search has been done.
#  Last modified 2022-06-23 15:16:50.419542033
#  File has been updated.
#  Successfully updated.

bin/init_tok_type_tab.o: srcs/init_tok_type_tab.c include/minishell.h | bin/
#  Implicit rule search has been done.
#  Implicit/static pattern stem: 'init_tok_type_tab'
#  Last modified 2022-06-27 21:54:56.837815332
#  File has been updated.
#  Successfully updated.
#  recipe to execute (from 'Makefile', line 54):
	$(CC) $(CFLAGS) -o $@ -c $<

bin/ft_cd.o: srcs/ft_cd.c include/minishell.h | bin/
#  Implicit rule search has been done.
#  Implicit/static pattern stem: 'ft_cd'
#  Last modified 2022-06-27 21:53:00.633582108
#  File has been updated.
#  Successfully updated.
#  recipe to execute (from 'Makefile', line 54):
	$(CC) $(CFLAGS) -o $@ -c $<

bin/big_tokenizer_4.o: srcs/big_tokenizer_4.c include/minishell.h | bin/
#  Implicit rule search has been done.
#  Implicit/static pattern stem: 'big_tokenizer_4'
#  Last modified 2022-06-27 21:53:01.605584221
#  File has been updated.
#  Successfully updated.
#  recipe to execute (from 'Makefile', line 54):
	$(CC) $(CFLAGS) -o $@ -c $<

# Not a target:
libft/ft_calloc.c:
#  Implicit rule search has been done.
#  Last modified 2022-06-23 15:17:28.459518809
#  File has been updated.
#  Successfully updated.

# Not a target:
libft/ft_printf_tools.c:
#  Implicit rule search has been done.
 
#  Last modified 2022-05-24 14:08:26.753636422
#  File has been updated.
#  Successfully updated.

bin/ft_wildcards_tools.o: srcs/ft_wildcards_tools.c include/minishell.h | bin/
#  Implicit rule search has been done.
#  Implicit/static pattern stem: 'ft_wildcards_tools'
#  Last modified 2022-06-27 21:54:11.873729534
#  File has been updated.
#  Successfully updated.
#  recipe to execute (from 'Makefile', line 54):
	$(CC) $(CFLAGS) -o $@ -c $<

bin/ft_here_doc.o: srcs/ft_here_doc.c include/minishell.h | bin/
#  Implicit rule search has been done.
#  Implicit/static pattern stem: 'ft_here_doc'
#  Last modified 2022-06-27 21:53:01.065583048
#  File has been updated.
#  Successfully updated.
#  recipe to execute (from 'Makefile', line 54):
	$(CC) $(CFLAGS) -o $@ -c $<

bin/ft_tools.o: srcs/ft_tools.c include/minishell.h | bin/
#  Implicit rule search has been done.
#  Implicit/static pattern stem: 'ft_tools'
#  Last modified 2022-06-27 21:53:00.877582639
#  File has been updated.
#  Successfully updated.
#  recipe to execute (from 'Makefile', line 54):
	$(CC) $(CFLAGS) -o $@ -c $<

# Not a target:
libft/ft_isalpha.c:
#  Implicit rule search has been done.
#  Last modified 2022-05-24 14:08:26.62963564
#  File has been updated.
#  Successfully updated.

# Not a target:
libft/ft_memmove.c:
#  Implicit rule search has been done.
#  Last modified 2022-05-24 14:08:26.737636322
#  File has been updated.
#  Successfully updated.

# Not a target:
libft/ft_lstsize.c:
#  Implicit rule search has been done.
#  Last modified 2022-05-24 14:08:26.717636195
#  File has been updated.
#  Successfully updated.

bin/tree_manipulator.o: srcs/tree_manipulator.c include/minishell.h | bin/
#  Implicit rule search has been done.
#  Implicit/static pattern stem: 'tree_manipulator'
#  Last modified 2022-06-27 21:54:11.057727927
#  File has been updated.
#  Successfully updated.
#  recipe to execute (from 'Makefile', line 54):
	$(CC) $(CFLAGS) -o $@ -c $<

bin/syntax_errorinizer_2.o: srcs/syntax_errorinizer_2.c include/minishell.h | bin/
#  Implicit rule search has been done.
#  Implicit/static pattern stem: 'syntax_errorinizer_2'
#  Last modified 2022-06-27 21:54:10.953727723
#  File has been updated.
#  Successfully updated.
#  recipe to execute (from 'Makefile', line 54):
	$(CC) $(CFLAGS) -o $@ -c $<

# Not a target:
libft/ft_strchr.c:
#  Implicit rule search has been done.
#  Last modified 2022-05-24 14:08:26.789636649
#  File has been updated.
#  Successfully updated.

# files hash-table stats:
# Load=123/1024=12%, Rehash=0, Collisions=66/596=11%
# VPATH Search Paths

vpath %.h libft
vpath ft_%.c libft
vpath ft_%.o libft

# 3 'vpath' search paths.

# No general ('VPATH' variable) search path.

# strcache buffers: 1 (0) / strings = 299 / storage = 4416 B / avg = 14 B
# current buf: size = 8162 B / used = 4416 B / count = 299 / avg = 14 B

# strcache performance: lookups = 541 / hit rate = 44%
# hash-table stats:
# Load=299/8192=4%, Rehash=0, Collisions=15/541=3%
# Finished Make data base on Mon Jun 27 21:55:26 2022

 
